<?xml version="1.0" encoding="UTF-8"?>
<coverage generated="1541532323856" clover="3.2.0">
  <project timestamp="1541532323857" name="All files">
    <metrics statements="34" coveredstatements="33" conditionals="32" coveredconditionals="30" methods="2" coveredmethods="2" elements="68" coveredelements="65" complexity="0" loc="34" ncloc="34" packages="1" files="1" classes="1">
      <file name="index.ts" path="/home/paul/code/npm/shallow-memo/src/index.ts">
        <metrics statements="34" coveredstatements="33" conditionals="32" coveredconditionals="30" methods="2" coveredmethods="2"/>
        <line num="1" count="2" type="stmt"/>
        <line num="2" count="26" type="stmt"/>
        <line num="3" count="26" type="stmt"/>
        <line num="4" count="26" type="cond" truecount="2" falsecount="0"/>
        <line num="5" count="2" type="stmt"/>
        <line num="7" count="24" type="stmt"/>
        <line num="8" count="41" type="stmt"/>
        <line num="9" count="41" type="cond" truecount="2" falsecount="0"/>
        <line num="10" count="16" type="stmt"/>
        <line num="13" count="8" type="stmt"/>
        <line num="18" count="41" type="cond" truecount="2" falsecount="0"/>
        <line num="19" count="20" type="stmt"/>
        <line num="23" count="21" type="cond" truecount="6" falsecount="0"/>
        <line num="24" count="8" type="stmt"/>
        <line num="28" count="13" type="stmt"/>
        <line num="29" count="13" type="stmt"/>
        <line num="30" count="13" type="cond" truecount="4" falsecount="0"/>
        <line num="31" count="6" type="cond" truecount="2" falsecount="0"/>
        <line num="32" count="1" type="stmt"/>
        <line num="34" count="5" type="stmt"/>
        <line num="35" count="12" type="cond" truecount="2" falsecount="0"/>
        <line num="36" count="2" type="stmt"/>
        <line num="39" count="3" type="stmt"/>
        <line num="40" count="7" type="cond" truecount="4" falsecount="2"/>
        <line num="41" count="0" type="stmt"/>
        <line num="45" count="7" type="stmt"/>
        <line num="46" count="7" type="stmt"/>
        <line num="47" count="7" type="cond" truecount="2" falsecount="0"/>
        <line num="48" count="1" type="stmt"/>
        <line num="50" count="6" type="stmt"/>
        <line num="51" count="14" type="stmt"/>
        <line num="52" count="14" type="cond" truecount="4" falsecount="0"/>
        <line num="53" count="4" type="stmt"/>
        <line num="56" count="2" type="stmt"/>
      </file>
    </metrics>
  </project>
</coverage>
