{"/home/paul/code/npm/shallow-memo/src/index.ts": {"path":"/home/paul/code/npm/shallow-memo/src/index.ts","statementMap":{"0":{"start":{"line":2,"column":19},"end":{"line":2,"column":41}},"1":{"start":{"line":3,"column":19},"end":{"line":3,"column":41}},"2":{"start":{"line":4,"column":2},"end":{"line":6,"column":3}},"3":{"start":{"line":5,"column":4},"end":{"line":5,"column":17}},"4":{"start":{"line":7,"column":2},"end":{"line":12,"column":3}},"5":{"start":{"line":8,"column":16},"end":{"line":8,"column":27}},"6":{"start":{"line":9,"column":4},"end":{"line":11,"column":5}},"7":{"start":{"line":10,"column":6},"end":{"line":10,"column":19}},"8":{"start":{"line":13,"column":2},"end":{"line":13,"column":14}},"9":{"start":{"line":1,"column":0},"end":{"line":14,"column":1}},"10":{"start":{"line":18,"column":2},"end":{"line":20,"column":3}},"11":{"start":{"line":19,"column":4},"end":{"line":19,"column":16}},"12":{"start":{"line":23,"column":2},"end":{"line":25,"column":3}},"13":{"start":{"line":24,"column":4},"end":{"line":24,"column":17}},"14":{"start":{"line":28,"column":17},"end":{"line":28,"column":36}},"15":{"start":{"line":29,"column":17},"end":{"line":29,"column":36}},"16":{"start":{"line":30,"column":2},"end":{"line":42,"column":3}},"17":{"start":{"line":31,"column":4},"end":{"line":33,"column":5}},"18":{"start":{"line":32,"column":6},"end":{"line":32,"column":19}},"19":{"start":{"line":34,"column":4},"end":{"line":38,"column":5}},"20":{"start":{"line":35,"column":6},"end":{"line":37,"column":7}},"21":{"start":{"line":36,"column":8},"end":{"line":36,"column":21}},"22":{"start":{"line":39,"column":4},"end":{"line":39,"column":16}},"23":{"start":{"line":40,"column":9},"end":{"line":42,"column":3}},"24":{"start":{"line":41,"column":4},"end":{"line":41,"column":17}},"25":{"start":{"line":45,"column":19},"end":{"line":45,"column":36}},"26":{"start":{"line":46,"column":16},"end":{"line":46,"column":33}},"27":{"start":{"line":47,"column":2},"end":{"line":49,"column":3}},"28":{"start":{"line":48,"column":4},"end":{"line":48,"column":17}},"29":{"start":{"line":50,"column":2},"end":{"line":55,"column":3}},"30":{"start":{"line":51,"column":16},"end":{"line":51,"column":27}},"31":{"start":{"line":52,"column":4},"end":{"line":54,"column":5}},"32":{"start":{"line":53,"column":6},"end":{"line":53,"column":19}},"33":{"start":{"line":56,"column":2},"end":{"line":56,"column":14}}},"fnMap":{"0":{"name":"shallowMemo","decl":{"start":{"line":1,"column":24},"end":{"line":1,"column":35}},"loc":{"start":{"line":1,"column":65},"end":{"line":14,"column":1}}},"1":{"name":"shallowCompare","decl":{"start":{"line":16,"column":9},"end":{"line":16,"column":23}},"loc":{"start":{"line":16,"column":44},"end":{"line":57,"column":1}}}},"branchMap":{"0":{"loc":{"start":{"line":4,"column":2},"end":{"line":6,"column":3}},"type":"if","locations":[{"start":{"line":4,"column":2},"end":{"line":6,"column":3}},{"start":{"line":4,"column":2},"end":{"line":6,"column":3}}]},"1":{"loc":{"start":{"line":9,"column":4},"end":{"line":11,"column":5}},"type":"if","locations":[{"start":{"line":9,"column":4},"end":{"line":11,"column":5}},{"start":{"line":9,"column":4},"end":{"line":11,"column":5}}]},"2":{"loc":{"start":{"line":18,"column":2},"end":{"line":20,"column":3}},"type":"if","locations":[{"start":{"line":18,"column":2},"end":{"line":20,"column":3}},{"start":{"line":18,"column":2},"end":{"line":20,"column":3}}]},"3":{"loc":{"start":{"line":23,"column":2},"end":{"line":25,"column":3}},"type":"if","locations":[{"start":{"line":23,"column":2},"end":{"line":25,"column":3}},{"start":{"line":23,"column":2},"end":{"line":25,"column":3}}]},"4":{"loc":{"start":{"line":23,"column":6},"end":{"line":23,"column":30}},"type":"binary-expr","locations":[{"start":{"line":23,"column":6},"end":{"line":23,"column":30}},{"start":{"line":23,"column":34},"end":{"line":23,"column":58}},{"start":{"line":23,"column":62},"end":{"line":23,"column":75}},{"start":{"line":23,"column":79},"end":{"line":23,"column":92}}]},"5":{"loc":{"start":{"line":30,"column":2},"end":{"line":42,"column":3}},"type":"if","locations":[{"start":{"line":30,"column":2},"end":{"line":42,"column":3}},{"start":{"line":30,"column":2},"end":{"line":42,"column":3}}]},"6":{"loc":{"start":{"line":30,"column":6},"end":{"line":30,"column":12}},"type":"binary-expr","locations":[{"start":{"line":30,"column":6},"end":{"line":30,"column":12}},{"start":{"line":30,"column":16},"end":{"line":30,"column":22}}]},"7":{"loc":{"start":{"line":31,"column":4},"end":{"line":33,"column":5}},"type":"if","locations":[{"start":{"line":31,"column":4},"end":{"line":33,"column":5}},{"start":{"line":31,"column":4},"end":{"line":33,"column":5}}]},"8":{"loc":{"start":{"line":35,"column":6},"end":{"line":37,"column":7}},"type":"if","locations":[{"start":{"line":35,"column":6},"end":{"line":37,"column":7}},{"start":{"line":35,"column":6},"end":{"line":37,"column":7}}]},"9":{"loc":{"start":{"line":40,"column":9},"end":{"line":42,"column":3}},"type":"if","locations":[{"start":{"line":40,"column":9},"end":{"line":42,"column":3}},{"start":{"line":40,"column":9},"end":{"line":42,"column":3}}]},"10":{"loc":{"start":{"line":40,"column":14},"end":{"line":40,"column":20}},"type":"binary-expr","locations":[{"start":{"line":40,"column":14},"end":{"line":40,"column":20}},{"start":{"line":40,"column":24},"end":{"line":40,"column":31}},{"start":{"line":40,"column":37},"end":{"line":40,"column":44}},{"start":{"line":40,"column":48},"end":{"line":40,"column":54}}]},"11":{"loc":{"start":{"line":47,"column":2},"end":{"line":49,"column":3}},"type":"if","locations":[{"start":{"line":47,"column":2},"end":{"line":49,"column":3}},{"start":{"line":47,"column":2},"end":{"line":49,"column":3}}]},"12":{"loc":{"start":{"line":52,"column":4},"end":{"line":54,"column":5}},"type":"if","locations":[{"start":{"line":52,"column":4},"end":{"line":54,"column":5}},{"start":{"line":52,"column":4},"end":{"line":54,"column":5}}]},"13":{"loc":{"start":{"line":52,"column":8},"end":{"line":52,"column":33}},"type":"binary-expr","locations":[{"start":{"line":52,"column":8},"end":{"line":52,"column":33}},{"start":{"line":52,"column":37},"end":{"line":52,"column":60}}]}},"s":{"0":26,"1":26,"2":26,"3":2,"4":24,"5":41,"6":41,"7":16,"8":8,"9":2,"10":41,"11":20,"12":21,"13":8,"14":13,"15":13,"16":13,"17":6,"18":1,"19":5,"20":12,"21":2,"22":3,"23":7,"24":0,"25":7,"26":7,"27":7,"28":1,"29":6,"30":14,"31":14,"32":4,"33":2},"f":{"0":26,"1":41},"b":{"0":[2,24],"1":[16,25],"2":[20,21],"3":[8,13],"4":[21,19,17,15],"5":[6,7],"6":[13,6],"7":[1,5],"8":[2,10],"9":[0,7],"10":[7,0,7,7],"11":[1,6],"12":[4,10],"13":[14,13]}}
}
