TN:
SF:/home/paul/code/npm/shallow-memo/src/index.ts
FN:1,shallowMemo
FN:16,shallowCompare
FNF:2
FNH:2
FNDA:26,shallowMemo
FNDA:41,shallowCompare
DA:1,2
DA:2,26
DA:3,26
DA:4,26
DA:5,2
DA:7,24
DA:8,41
DA:9,41
DA:10,16
DA:13,8
DA:18,41
DA:19,20
DA:23,21
DA:24,8
DA:28,13
DA:29,13
DA:30,13
DA:31,6
DA:32,1
DA:34,5
DA:35,12
DA:36,2
DA:39,3
DA:40,7
DA:41,0
DA:45,7
DA:46,7
DA:47,7
DA:48,1
DA:50,6
DA:51,14
DA:52,14
DA:53,4
DA:56,2
LF:34
LH:33
BRDA:4,0,0,2
BRDA:4,0,1,24
BRDA:9,1,0,16
BRDA:9,1,1,25
BRDA:18,2,0,20
BRDA:18,2,1,21
BRDA:23,3,0,8
BRDA:23,3,1,13
BRDA:23,4,0,21
BRDA:23,4,1,19
BRDA:23,4,2,17
BRDA:23,4,3,15
BRDA:30,5,0,6
BRDA:30,5,1,7
BRDA:30,6,0,13
BRDA:30,6,1,6
BRDA:31,7,0,1
BRDA:31,7,1,5
BRDA:35,8,0,2
BRDA:35,8,1,10
BRDA:40,9,0,0
BRDA:40,9,1,7
BRDA:40,10,0,7
BRDA:40,10,1,0
BRDA:40,10,2,7
BRDA:40,10,3,7
BRDA:47,11,0,1
BRDA:47,11,1,6
BRDA:52,12,0,4
BRDA:52,12,1,10
BRDA:52,13,0,14
BRDA:52,13,1,13
BRF:32
BRH:30
end_of_record
